<?xml version="1.0" encoding="UTF-8"?>
<!-- Generated by org.testng.reporters.JUnitXMLReporter -->
<testsuite hostname="DESKTOP-0F8J9IN" ignored="0" name="Add Payee Test" tests="3" failures="0" timestamp="23 Sep 2020 18:18:00 GMT" time="14.784" errors="0">
  <testcase name="verifyAddPayee" time="2.717" classname="testcases.TC002VerifyAddPayee"/>
  <testcase name="verifyAddPayee" time="2.324" classname="testcases.TC002VerifyAddPayee"/>
  <testcase name="verifyAddPayee" time="2.355" classname="testcases.TC002VerifyAddPayee"/>
</testsuite> <!-- Add Payee Test -->
