<?xml version="1.0" encoding="UTF-8"?>
<!-- Generated by org.testng.reporters.JUnitXMLReporter -->
<testsuite hostname="DESKTOP-0F8J9IN" ignored="0" name="Add New Payee Test" tests="2" failures="0" timestamp="24 Sep 2020 05:03:55 GMT" time="13.618" errors="0">
  <testcase name="verifyPaySavedPayee" time="3.073" classname="testcases.TC004VerifyPaySavedPayee"/>
  <testcase name="verifyPaySavedPayee" time="3.27" classname="testcases.TC004VerifyPaySavedPayee"/>
</testsuite> <!-- Add New Payee Test -->
