<?xml version="1.0" encoding="UTF-8"?>
<!-- Generated by org.testng.reporters.JUnitXMLReporter -->
<testsuite hostname="DESKTOP-0F8J9IN" ignored="0" name="Transfer funds Test" tests="3" failures="0" timestamp="24 Sep 2020 05:03:41 GMT" time="15.96" errors="0">
  <testcase name="verifyTransferFunds" time="3.753" classname="testcases.TC003VerifyTransferFunds"/>
  <testcase name="verifyTransferFunds" time="2.361" classname="testcases.TC003VerifyTransferFunds"/>
  <testcase name="verifyTransferFunds" time="2.088" classname="testcases.TC003VerifyTransferFunds"/>
</testsuite> <!-- Transfer funds Test -->
