<?xml version="1.0" encoding="UTF-8"?>
<!-- Generated by org.testng.reporters.JUnitXMLReporter -->
<testsuite hostname="DESKTOP-0F8J9IN" ignored="0" name="Default test" tests="3" failures="0" timestamp="22 Sep 2020 04:57:16 GMT" time="9.583" errors="0">
  <testcase name="verifyTransferFunds" time="3.125" classname="testcases.TC003VerifyTransferFunds"/>
  <testcase name="verifyTransferFunds" time="2.979" classname="testcases.TC003VerifyTransferFunds"/>
  <testcase name="verifyTransferFunds" time="2.677" classname="testcases.TC003VerifyTransferFunds"/>
</testsuite> <!-- Default test -->
