<?xml version="1.0" encoding="UTF-8"?>
<!-- Generated by org.testng.reporters.JUnitXMLReporter -->
<testsuite hostname="DESKTOP-0F8J9IN" ignored="0" name="Default test" tests="3" failures="0" timestamp="22 Sep 2020 03:48:37 GMT" time="7.621" errors="0">
  <testcase name="verifyAddPayee" time="2.862" classname="testcases.TC002VerifyAddPayee"/>
  <testcase name="verifyAddPayee" time="2.042" classname="testcases.TC002VerifyAddPayee"/>
  <testcase name="verifyAddPayee" time="2.009" classname="testcases.TC002VerifyAddPayee"/>
</testsuite> <!-- Default test -->
