<?xml version="1.0" encoding="UTF-8"?>
<!-- Generated by org.testng.reporters.JUnitXMLReporter -->
<testsuite hostname="DESKTOP-0F8J9IN" ignored="0" name="Add Payee Test" tests="3" failures="0" timestamp="24 Sep 2020 04:38:58 GMT" time="14.509" errors="0">
  <testcase name="verifyAddPayee" time="2.889" classname="testcases.TC002VerifyAddPayee"/>
  <testcase name="verifyAddPayee" time="2.317" classname="testcases.TC002VerifyAddPayee"/>
  <testcase name="verifyAddPayee" time="2.147" classname="testcases.TC002VerifyAddPayee"/>
</testsuite> <!-- Add Payee Test -->
