<?xml version="1.0" encoding="UTF-8"?>
<!-- Generated by org.testng.reporters.JUnitXMLReporter -->
<testsuite hostname="DESKTOP-0F8J9IN" ignored="0" name="Add Payee Test" tests="3" failures="0" timestamp="26 Sep 2020 12:48:23 GMT" time="13.932" errors="0">
  <testcase name="verifyAddPayee" time="2.623" classname="testcases.TC002VerifyAddPayee"/>
  <testcase name="verifyAddPayee" time="2.132" classname="testcases.TC002VerifyAddPayee"/>
  <testcase name="verifyAddPayee" time="2.181" classname="testcases.TC002VerifyAddPayee"/>
</testsuite> <!-- Add Payee Test -->
