<?xml version="1.0" encoding="UTF-8"?>
<!-- Generated by org.testng.reporters.JUnitXMLReporter -->
<testsuite hostname="DESKTOP-0F8J9IN" ignored="0" name="Add New Payee Test" tests="2" failures="0" timestamp="26 Sep 2020 02:45:33 GMT" time="11.392" errors="0">
  <testcase name="verifyPaySavedPayee" time="2.538" classname="testcases.TC004VerifyPaySavedPayee"/>
  <testcase name="verifyPaySavedPayee" time="2.116" classname="testcases.TC004VerifyPaySavedPayee"/>
</testsuite> <!-- Add New Payee Test -->
