<?xml version="1.0" encoding="UTF-8"?>
<!-- Generated by org.testng.reporters.JUnitXMLReporter -->
<testsuite hostname="DESKTOP-0F8J9IN" ignored="0" name="Pay Saved Payee Test" tests="2" failures="0" timestamp="26 Sep 2020 12:48:49 GMT" time="12.113" errors="0">
  <testcase name="verifyPaySavedPayee" time="2.809" classname="testcases.TC004VerifyPaySavedPayee"/>
  <testcase name="verifyPaySavedPayee" time="2.33" classname="testcases.TC004VerifyPaySavedPayee"/>
</testsuite> <!-- Pay Saved Payee Test -->
