<?xml version="1.0" encoding="UTF-8"?>
<!-- Generated by org.testng.reporters.JUnitXMLReporter -->
<testsuite hostname="DESKTOP-0F8J9IN" ignored="0" name="Purchase Foreign Currency Test" tests="2" failures="0" timestamp="26 Sep 2020 12:49:02 GMT" time="12.671" errors="0">
  <testcase name="verifyPurchaseForeignCurrencyData" time="2.575" classname="testcases.TC005VerifyPurchaseForeignCurrency"/>
  <testcase name="verifyPurchaseForeignCurrencyData" time="2.471" classname="testcases.TC005VerifyPurchaseForeignCurrency"/>
</testsuite> <!-- Purchase Foreign Currency Test -->
