<?xml version="1.0" encoding="UTF-8"?>
<!-- Generated by org.testng.reporters.JUnitXMLReporter -->
<testsuite hostname="DESKTOP-0F8J9IN" ignored="0" name="Transfer funds Test" tests="3" failures="0" timestamp="26 Sep 2020 12:48:37 GMT" time="13.906" errors="0">
  <testcase name="verifyTransferFunds" time="2.619" classname="testcases.TC003VerifyTransferFunds"/>
  <testcase name="verifyTransferFunds" time="2.414" classname="testcases.TC003VerifyTransferFunds"/>
  <testcase name="verifyTransferFunds" time="1.974" classname="testcases.TC003VerifyTransferFunds"/>
</testsuite> <!-- Transfer funds Test -->
