<?xml version="1.0" encoding="UTF-8"?>
<testng-results skipped="0" failed="0" ignored="0" total="1" passed="1">
  <reporter-output>
  </reporter-output>
  <suite name="Default suite" duration-ms="9240" started-at="2020-09-16T16:09:35Z" finished-at="2020-09-16T16:09:45Z">
    <groups>
    </groups>
    <test name="Default test" duration-ms="9240" started-at="2020-09-16T16:09:35Z" finished-at="2020-09-16T16:09:45Z">
      <class name="testcases.TC001VerifyLogin">
        <test-method status="PASS" signature="initializeDriver()[pri:0, instance:testcases.TC001VerifyLogin@1018bde2]" name="initializeDriver" is-config="true" duration-ms="7022" started-at="2020-09-16T16:09:35Z" finished-at="2020-09-16T16:09:42Z">
          <reporter-output>
          </reporter-output>
        </test-method> <!-- initializeDriver -->
        <test-method status="PASS" signature="verifyLogin()[pri:0, instance:testcases.TC001VerifyLogin@1018bde2]" name="verifyLogin" duration-ms="1190" started-at="2020-09-16T16:09:43Z" finished-at="2020-09-16T16:09:44Z">
          <reporter-output>
          </reporter-output>
        </test-method> <!-- verifyLogin -->
        <test-method status="PASS" signature="tearDown()[pri:0, instance:testcases.TC001VerifyLogin@1018bde2]" name="tearDown" is-config="true" duration-ms="1001" started-at="2020-09-16T16:09:44Z" finished-at="2020-09-16T16:09:45Z">
          <reporter-output>
          </reporter-output>
        </test-method> <!-- tearDown -->
      </class> <!-- testcases.TC001VerifyLogin -->
    </test> <!-- Default test -->
  </suite> <!-- Default suite -->
</testng-results>
